(node:12316) Warning: SECURITY WARNING: The SSL modes 'prefer', 'require', and 'verify-ca' are treated as aliases for 'verify-full'.
In the next major version (pg-connection-string v3.0.0 and pg v9.0.0), these modes will adopt standard libpq semantics, which have weaker security guarantees.

To prepare for this change:
- If you want the current behavior, explicitly use 'sslmode=verify-full'
- If you want libpq compatibility now, use 'uselibpqcompat=true&sslmode=require'

See https://www.postgresql.org/docs/current/libpq-ssl.html for libpq SSL mode definitions.
(Use `node --trace-warnings ...` to show where the warning was created)
(node:30468) Warning: SECURITY WARNING: The SSL modes 'prefer', 'require', and 'verify-ca' are treated as aliases for 'verify-full'.
In the next major version (pg-connection-string v3.0.0 and pg v9.0.0), these modes will adopt standard libpq semantics, which have weaker security guarantees.

To prepare for this change:
- If you want the current behavior, explicitly use 'sslmode=verify-full'
- If you want libpq compatibility now, use 'uselibpqcompat=true&sslmode=require'

See https://www.postgresql.org/docs/current/libpq-ssl.html for libpq SSL mode definitions.
(Use `node --trace-warnings ...` to show where the warning was created)
Genius fallback failed for "09": Request failed with status code 403
Genius fallback failed for "09 Freestyle": Request failed with status code 403
Genius fallback failed for "All Summer": Request failed with status code 403
Genius fallback failed for "All Summer (instrumental)": Request failed with status code 403
Genius fallback failed for "All the Time": Request failed with status code 403
Genius fallback failed for "Buggin Out 2009": Request failed with status code 403
Genius fallback failed for "Can I Be": Request failed with status code 403
Genius fallback failed for "Come Around": Request failed with status code 403
Genius fallback failed for "Cudi the Kid (radio edit)": Request failed with status code 403
Genius fallback failed for "DJ E-V (intro)": Request failed with status code 403
Genius fallback failed for "Daps & Pounds": Request failed with status code 403
Genius fallback failed for "Dat New ''New'' (clean)": Request failed with status code 403
Genius fallback failed for "Dat New ''New'' (dirty)": Request failed with status code 403
Genius fallback failed for "Dat New ''New'' (instrumental)": Request failed with status code 403
Genius fallback failed for "Dat New (clean)": Request failed with status code 403
Genius fallback failed for "Dat New (dirty)": Request failed with status code 403
Genius fallback failed for "Dat New (instrumental)": Request failed with status code 403
Genius fallback failed for "Day & Night": Request failed with status code 403
Genius fallback failed for "Day & Night House Mix": Request failed with status code 403
